2023-07-05T07:11:31.218719+00:00 INFO 'ansible_navigator.setup_logger' New ansible-navigator instance, logging initialized
2023-07-05T07:11:31.218951+00:00 INFO 'ansible_navigator.setup_logger' New ansible-runner instance, logging initialized
2023-07-05T07:11:31.218996+00:00 DEBUG 'ansible_navigator.main' Jinja2==3.1.2 
2023-07-05T07:11:31.219026+00:00 DEBUG 'ansible_navigator.main' MarkupSafe==2.1.3 
2023-07-05T07:11:31.219051+00:00 DEBUG 'ansible_navigator.main' Parsley==1.3 
2023-07-05T07:11:31.219074+00:00 DEBUG 'ansible_navigator.main' PyYAML==5.4.1 
2023-07-05T07:11:31.219096+00:00 DEBUG 'ansible_navigator.main' ansible-builder==3.0.0 
2023-07-05T07:11:31.219161+00:00 DEBUG 'ansible_navigator.main' ansible-navigator==3.4.0 
2023-07-05T07:11:31.219191+00:00 DEBUG 'ansible_navigator.main' ansible-runner==2.3.3 
2023-07-05T07:11:31.219214+00:00 DEBUG 'ansible_navigator.main' attrs==23.1.0 /root/.local/lib/python3.9/site-packages/attrs/__init__.py
2023-07-05T07:11:31.219237+00:00 DEBUG 'ansible_navigator.main' bindep==2.11.0 /root/.local/lib/python3.9/site-packages/bindep/__init__.py
2023-07-05T07:11:31.219277+00:00 DEBUG 'ansible_navigator.main' cffi==1.15.1 /root/.local/lib/python3.9/site-packages/cffi/__init__.py
2023-07-05T07:11:31.219306+00:00 DEBUG 'ansible_navigator.main' dbus-python==1.2.18 
2023-07-05T07:11:31.219330+00:00 DEBUG 'ansible_navigator.main' distro==1.8.0 /root/.local/lib/python3.9/site-packages/distro/__init__.py
2023-07-05T07:11:31.219351+00:00 DEBUG 'ansible_navigator.main' docutils==0.20.1 /root/.local/lib/python3.9/site-packages/docutils/__init__.py
2023-07-05T07:11:31.219373+00:00 DEBUG 'ansible_navigator.main' importlib-metadata==6.2.1 
2023-07-05T07:11:31.219393+00:00 DEBUG 'ansible_navigator.main' jsonschema==4.17.3 /root/.local/lib/python3.9/site-packages/jsonschema/__init__.py
2023-07-05T07:11:31.219414+00:00 DEBUG 'ansible_navigator.main' lockfile==0.12.2 /root/.local/lib/python3.9/site-packages/lockfile/__init__.py
2023-07-05T07:11:31.219434+00:00 DEBUG 'ansible_navigator.main' onigurumacffi==1.2.0 /root/.local/lib/python3.9/site-packages/onigurumacffi.py
2023-07-05T07:11:31.219455+00:00 DEBUG 'ansible_navigator.main' packaging==23.1 /root/.local/lib/python3.9/site-packages/packaging/__init__.py
2023-07-05T07:11:31.219475+00:00 DEBUG 'ansible_navigator.main' pathspec==0.10.1 /usr/lib/python3.9/site-packages/pathspec/__init__.py
2023-07-05T07:11:31.219496+00:00 DEBUG 'ansible_navigator.main' pbr==5.11.1 /root/.local/lib/python3.9/site-packages/pbr/__init__.py
2023-07-05T07:11:31.219516+00:00 DEBUG 'ansible_navigator.main' pexpect==4.8.0 /root/.local/lib/python3.9/site-packages/pexpect/__init__.py
2023-07-05T07:11:31.219536+00:00 DEBUG 'ansible_navigator.main' pip==21.2.3 /usr/lib/python3.9/site-packages/pip/__init__.py
2023-07-05T07:11:31.219556+00:00 DEBUG 'ansible_navigator.main' ptyprocess==0.7.0 /root/.local/lib/python3.9/site-packages/ptyprocess/__init__.py
2023-07-05T07:11:31.219576+00:00 DEBUG 'ansible_navigator.main' pycparser==2.21 /root/.local/lib/python3.9/site-packages/pycparser/__init__.py
2023-07-05T07:11:31.219596+00:00 DEBUG 'ansible_navigator.main' pyrsistent==0.19.3 /root/.local/lib/python3.9/site-packages/pyrsistent/__init__.py
2023-07-05T07:11:31.219616+00:00 DEBUG 'ansible_navigator.main' python-daemon==3.0.1 
2023-07-05T07:11:31.219636+00:00 DEBUG 'ansible_navigator.main' python-dateutil==2.8.1 
2023-07-05T07:11:31.219657+00:00 DEBUG 'ansible_navigator.main' requirements-parser==0.5.0 
2023-07-05T07:11:31.219677+00:00 DEBUG 'ansible_navigator.main' selinux==3.5 /usr/lib64/python3.9/site-packages/selinux/__init__.py
2023-07-05T07:11:31.219697+00:00 DEBUG 'ansible_navigator.main' sepolicy==3.5 /usr/lib/python3.9/site-packages/sepolicy/__init__.py
2023-07-05T07:11:31.219717+00:00 DEBUG 'ansible_navigator.main' setools==4.4.1 /usr/lib64/python3.9/site-packages/setools/__init__.py
2023-07-05T07:11:31.219737+00:00 DEBUG 'ansible_navigator.main' setuptools==68.0.0 /root/.local/lib/python3.9/site-packages/setuptools/__init__.py
2023-07-05T07:11:31.219757+00:00 DEBUG 'ansible_navigator.main' six==1.15.0 /usr/lib/python3.9/site-packages/six.py
2023-07-05T07:11:31.219783+00:00 DEBUG 'ansible_navigator.main' types-setuptools==68.0.0.0 
2023-07-05T07:11:31.219807+00:00 DEBUG 'ansible_navigator.main' tzdata==2023.3 /root/.local/lib/python3.9/site-packages/tzdata/__init__.py
2023-07-05T07:11:31.219827+00:00 DEBUG 'ansible_navigator.main' yamllint==1.32.0 /usr/lib/python3.9/site-packages/yamllint/__init__.py
2023-07-05T07:11:31.219847+00:00 DEBUG 'ansible_navigator.main' zipp==3.15.0 /root/.local/lib/python3.9/site-packages/zipp/__init__.py
2023-07-05T07:11:31.219867+00:00 DEBUG 'ansible_navigator.main' Default collection_doc_cache_path set to: /root/.cache/ansible-navigator/collection_doc_cache.db
2023-07-05T07:11:31.219888+00:00 DEBUG 'ansible_navigator.main' EDITOR environment variable not set
2023-07-05T07:11:31.219908+00:00 DEBUG 'ansible_navigator.main' Default editor_command set to: vi +{line_number} {filename}
2023-07-05T07:11:31.219928+00:00 DEBUG 'ansible_navigator.main' No config file set by ANSIBLE_NAVIGATOR_CONFIG
2023-07-05T07:11:31.219948+00:00 DEBUG 'ansible_navigator.main' Looking in /root
2023-07-05T07:11:31.219968+00:00 DEBUG 'ansible_navigator.main' Looking for '/root/.ansible-navigator.yml', '/root/.ansible-navigator.yaml' and '/root/.ansible-navigator.json'
2023-07-05T07:11:31.219988+00:00 DEBUG 'ansible_navigator.main' Found 0: 
2023-07-05T07:11:31.220008+00:00 DEBUG 'ansible_navigator.main' Looking in /root/fedora-collections/collections
2023-07-05T07:11:31.220028+00:00 DEBUG 'ansible_navigator.main' Looking for '/root/fedora-collections/collections/ansible-navigator.yml', '/root/fedora-collections/collections/ansible-navigator.yaml' and '/root/fedora-collections/collections/ansible-navigator.json'
2023-07-05T07:11:31.220049+00:00 DEBUG 'ansible_navigator.main' Found 0: 
2023-07-05T07:11:31.220069+00:00 DEBUG 'ansible_navigator.main' All found 0: 
2023-07-05T07:11:31.220089+00:00 DEBUG 'ansible_navigator.main' Using: None
2023-07-05T07:11:31.220117+00:00 DEBUG 'ansible_navigator.main' No valid settings file found, using all default values for settings.
2023-07-05T07:11:31.220143+00:00 DEBUG 'ansible_navigator.main' Command provided: '-m stdout collection list'
2023-07-05T07:11:31.220168+00:00 WARNING 'ansible_navigator.main' Configuration errors encountered, rolling back to previous configuration.
2023-07-05T07:11:31.220189+00:00 DEBUG 'ansible_navigator.main' Prior to rollback: ansible_runner_artifact_dir = 'Not set' (Constants/Not set)
2023-07-05T07:11:31.220209+00:00 DEBUG 'ansible_navigator.main' Prior to rollback: ansible_runner_rotate_artifacts_count = 'Not set' (Constants/Not set)
2023-07-05T07:11:31.220230+00:00 DEBUG 'ansible_navigator.main' Prior to rollback: ansible_runner_timeout = 'Not set' (Constants/Not set)
2023-07-05T07:11:31.220263+00:00 DEBUG 'ansible_navigator.main' Prior to rollback: ansible_runner_write_job_events = 'False' (bool/Defaults)
2023-07-05T07:11:31.220297+00:00 DEBUG 'ansible_navigator.main' Prior to rollback: app = 'welcome' (str/Defaults)
2023-07-05T07:11:31.220321+00:00 DEBUG 'ansible_navigator.main' Prior to rollback: cmdline = '['-m', 'stdout', 'collection', 'list']' (list/Command line)
2023-07-05T07:11:31.220343+00:00 DEBUG 'ansible_navigator.main' Prior to rollback: collection_doc_cache_path = '/root/.cache/ansible-navigator/collection_doc_cache.db' (str/Defaults)
2023-07-05T07:11:31.220365+00:00 DEBUG 'ansible_navigator.main' Prior to rollback: config = 'Not set' (Constants/Not set)
2023-07-05T07:11:31.220386+00:00 DEBUG 'ansible_navigator.main' Prior to rollback: container_engine = 'auto' (str/Defaults)
2023-07-05T07:11:31.220407+00:00 DEBUG 'ansible_navigator.main' Prior to rollback: container_options = 'Not set' (Constants/Not set)
2023-07-05T07:11:31.220428+00:00 DEBUG 'ansible_navigator.main' Prior to rollback: display_color = 'True' (bool/Defaults)
2023-07-05T07:11:31.220448+00:00 DEBUG 'ansible_navigator.main' Prior to rollback: editor_command = 'vi +{line_number} {filename}' (str/Defaults)
2023-07-05T07:11:31.220469+00:00 DEBUG 'ansible_navigator.main' Prior to rollback: editor_console = 'True' (bool/Defaults)
2023-07-05T07:11:31.220493+00:00 DEBUG 'ansible_navigator.main' Prior to rollback: enable_prompts = 'False' (bool/Defaults)
2023-07-05T07:11:31.220516+00:00 DEBUG 'ansible_navigator.main' Prior to rollback: exec_command = '/bin/bash' (str/Defaults)
2023-07-05T07:11:31.220536+00:00 DEBUG 'ansible_navigator.main' Prior to rollback: exec_shell = 'True' (bool/Defaults)
2023-07-05T07:11:31.220557+00:00 DEBUG 'ansible_navigator.main' Prior to rollback: execution_environment = 'True' (bool/Defaults)
2023-07-05T07:11:31.220578+00:00 DEBUG 'ansible_navigator.main' Prior to rollback: execution_environment_image = 'ghcr.io/ansible/creator-ee:v0.18.0' (str/Defaults)
2023-07-05T07:11:31.220599+00:00 DEBUG 'ansible_navigator.main' Prior to rollback: execution_environment_volume_mounts = 'Not set' (Constants/Not set)
2023-07-05T07:11:31.220620+00:00 DEBUG 'ansible_navigator.main' Prior to rollback: format = 'yaml' (str/Defaults)
2023-07-05T07:11:31.220640+00:00 DEBUG 'ansible_navigator.main' Prior to rollback: help_builder = 'False' (bool/Defaults)
2023-07-05T07:11:31.220661+00:00 DEBUG 'ansible_navigator.main' Prior to rollback: help_config = 'False' (bool/Defaults)
2023-07-05T07:11:31.220681+00:00 DEBUG 'ansible_navigator.main' Prior to rollback: help_doc = 'False' (bool/Defaults)
2023-07-05T07:11:31.220701+00:00 DEBUG 'ansible_navigator.main' Prior to rollback: help_inventory = 'False' (bool/Defaults)
2023-07-05T07:11:31.220722+00:00 DEBUG 'ansible_navigator.main' Prior to rollback: help_playbook = 'False' (bool/Defaults)
2023-07-05T07:11:31.220742+00:00 DEBUG 'ansible_navigator.main' Prior to rollback: images_details = '['everything']' (list/Defaults)
2023-07-05T07:11:31.220762+00:00 DEBUG 'ansible_navigator.main' Prior to rollback: inventory = 'Not set' (Constants/Not set)
2023-07-05T07:11:31.220783+00:00 DEBUG 'ansible_navigator.main' Prior to rollback: inventory_column = 'Not set' (Constants/Not set)
2023-07-05T07:11:31.220803+00:00 DEBUG 'ansible_navigator.main' Prior to rollback: lint_config = 'Not set' (Constants/Not set)
2023-07-05T07:11:31.220823+00:00 DEBUG 'ansible_navigator.main' Prior to rollback: lintables = 'Not set' (Constants/Not set)
2023-07-05T07:11:31.220843+00:00 DEBUG 'ansible_navigator.main' Prior to rollback: log_append = 'True' (bool/Defaults)
2023-07-05T07:11:31.220863+00:00 DEBUG 'ansible_navigator.main' Prior to rollback: log_file = '/root/fedora-collections/collections/ansible-navigator.log' (str/Defaults)
2023-07-05T07:11:31.220883+00:00 DEBUG 'ansible_navigator.main' Prior to rollback: log_level = 'warning' (str/Defaults)
2023-07-05T07:11:31.220903+00:00 DEBUG 'ansible_navigator.main' Prior to rollback: mode = 'stdout' (str/Command line)
2023-07-05T07:11:31.220923+00:00 DEBUG 'ansible_navigator.main' Prior to rollback: osc4 = 'True' (bool/Defaults)
2023-07-05T07:11:31.220944+00:00 DEBUG 'ansible_navigator.main' Prior to rollback: pass_environment_variable = 'Not set' (Constants/Not set)
2023-07-05T07:11:31.220964+00:00 DEBUG 'ansible_navigator.main' Prior to rollback: playbook = 'Not set' (Constants/Not set)
2023-07-05T07:11:31.220984+00:00 DEBUG 'ansible_navigator.main' Prior to rollback: playbook_artifact_enable = 'True' (bool/Defaults)
2023-07-05T07:11:31.221004+00:00 DEBUG 'ansible_navigator.main' Prior to rollback: playbook_artifact_replay = 'Not set' (Constants/Not set)
2023-07-05T07:11:31.221025+00:00 DEBUG 'ansible_navigator.main' Prior to rollback: playbook_artifact_save_as = '{playbook_dir}/{playbook_name}-artifact-{time_stamp}.json' (str/Defaults)
2023-07-05T07:11:31.221045+00:00 DEBUG 'ansible_navigator.main' Prior to rollback: plugin_name = 'Not set' (Constants/Not set)
2023-07-05T07:11:31.221065+00:00 DEBUG 'ansible_navigator.main' Prior to rollback: plugin_type = 'module' (str/Defaults)
2023-07-05T07:11:31.221086+00:00 DEBUG 'ansible_navigator.main' Prior to rollback: pull_arguments = 'Not set' (Constants/Not set)
2023-07-05T07:11:31.221106+00:00 DEBUG 'ansible_navigator.main' Prior to rollback: pull_policy = 'tag' (str/Defaults)
2023-07-05T07:11:31.221142+00:00 DEBUG 'ansible_navigator.main' Prior to rollback: set_environment_variable = 'Not set' (Constants/Not set)
2023-07-05T07:11:31.221166+00:00 DEBUG 'ansible_navigator.main' Prior to rollback: settings_effective = 'False' (bool/Defaults)
2023-07-05T07:11:31.221187+00:00 DEBUG 'ansible_navigator.main' Prior to rollback: settings_sample = 'False' (bool/Defaults)
2023-07-05T07:11:31.221207+00:00 DEBUG 'ansible_navigator.main' Prior to rollback: settings_schema = 'json' (str/Defaults)
2023-07-05T07:11:31.221227+00:00 DEBUG 'ansible_navigator.main' Prior to rollback: settings_sources = 'False' (bool/Defaults)
2023-07-05T07:11:31.221247+00:00 DEBUG 'ansible_navigator.main' Prior to rollback: time_zone = 'UTC' (str/Defaults)
2023-07-05T07:11:31.221292+00:00 DEBUG 'ansible_navigator.main' Prior to rollback: workdir = '/root/fedora-collections/collections' (str/Defaults)
2023-07-05T07:11:31.221317+00:00 DEBUG 'ansible_navigator.main' After rollback: ansible_runner_artifact_dir = 'Not set' (Constants/Not set)
2023-07-05T07:11:31.221339+00:00 DEBUG 'ansible_navigator.main' After rollback: ansible_runner_rotate_artifacts_count = 'Not set' (Constants/Not set)
2023-07-05T07:11:31.221360+00:00 DEBUG 'ansible_navigator.main' After rollback: ansible_runner_timeout = 'Not set' (Constants/Not set)
2023-07-05T07:11:31.221381+00:00 DEBUG 'ansible_navigator.main' After rollback: ansible_runner_write_job_events = 'Not set' (Constants/Not set)
2023-07-05T07:11:31.221402+00:00 DEBUG 'ansible_navigator.main' After rollback: app = 'Not set' (Constants/Not set)
2023-07-05T07:11:31.221423+00:00 DEBUG 'ansible_navigator.main' After rollback: cmdline = 'Not set' (Constants/Not set)
2023-07-05T07:11:31.221443+00:00 DEBUG 'ansible_navigator.main' After rollback: collection_doc_cache_path = 'Not set' (Constants/Not set)
2023-07-05T07:11:31.221463+00:00 DEBUG 'ansible_navigator.main' After rollback: config = 'Not set' (Constants/Not set)
2023-07-05T07:11:31.221484+00:00 DEBUG 'ansible_navigator.main' After rollback: container_engine = 'Not set' (Constants/Not set)
2023-07-05T07:11:31.221504+00:00 DEBUG 'ansible_navigator.main' After rollback: container_options = 'Not set' (Constants/Not set)
2023-07-05T07:11:31.221524+00:00 DEBUG 'ansible_navigator.main' After rollback: display_color = 'Not set' (Constants/Not set)
2023-07-05T07:11:31.221544+00:00 DEBUG 'ansible_navigator.main' After rollback: editor_command = 'Not set' (Constants/Not set)
2023-07-05T07:11:31.221564+00:00 DEBUG 'ansible_navigator.main' After rollback: editor_console = 'Not set' (Constants/Not set)
2023-07-05T07:11:31.221584+00:00 DEBUG 'ansible_navigator.main' After rollback: enable_prompts = 'Not set' (Constants/Not set)
2023-07-05T07:11:31.221604+00:00 DEBUG 'ansible_navigator.main' After rollback: exec_command = 'Not set' (Constants/Not set)
2023-07-05T07:11:31.221624+00:00 DEBUG 'ansible_navigator.main' After rollback: exec_shell = 'Not set' (Constants/Not set)
2023-07-05T07:11:31.221644+00:00 DEBUG 'ansible_navigator.main' After rollback: execution_environment = 'Not set' (Constants/Not set)
2023-07-05T07:11:31.221664+00:00 DEBUG 'ansible_navigator.main' After rollback: execution_environment_image = 'Not set' (Constants/Not set)
2023-07-05T07:11:31.221684+00:00 DEBUG 'ansible_navigator.main' After rollback: execution_environment_volume_mounts = 'Not set' (Constants/Not set)
2023-07-05T07:11:31.221704+00:00 DEBUG 'ansible_navigator.main' After rollback: format = 'Not set' (Constants/Not set)
2023-07-05T07:11:31.221724+00:00 DEBUG 'ansible_navigator.main' After rollback: help_builder = 'Not set' (Constants/Not set)
2023-07-05T07:11:31.221744+00:00 DEBUG 'ansible_navigator.main' After rollback: help_config = 'Not set' (Constants/Not set)
2023-07-05T07:11:31.221764+00:00 DEBUG 'ansible_navigator.main' After rollback: help_doc = 'Not set' (Constants/Not set)
2023-07-05T07:11:31.221784+00:00 DEBUG 'ansible_navigator.main' After rollback: help_inventory = 'Not set' (Constants/Not set)
2023-07-05T07:11:31.221804+00:00 DEBUG 'ansible_navigator.main' After rollback: help_playbook = 'Not set' (Constants/Not set)
2023-07-05T07:11:31.221830+00:00 DEBUG 'ansible_navigator.main' After rollback: images_details = 'Not set' (Constants/Not set)
2023-07-05T07:11:31.221852+00:00 DEBUG 'ansible_navigator.main' After rollback: inventory = 'Not set' (Constants/Not set)
2023-07-05T07:11:31.221873+00:00 DEBUG 'ansible_navigator.main' After rollback: inventory_column = 'Not set' (Constants/Not set)
2023-07-05T07:11:31.221893+00:00 DEBUG 'ansible_navigator.main' After rollback: lint_config = 'Not set' (Constants/Not set)
2023-07-05T07:11:31.221913+00:00 DEBUG 'ansible_navigator.main' After rollback: lintables = 'Not set' (Constants/Not set)
2023-07-05T07:11:31.221933+00:00 DEBUG 'ansible_navigator.main' After rollback: log_append = 'Not set' (Constants/Not set)
2023-07-05T07:11:31.221953+00:00 DEBUG 'ansible_navigator.main' After rollback: log_file = 'Not set' (Constants/Not set)
2023-07-05T07:11:31.221973+00:00 DEBUG 'ansible_navigator.main' After rollback: log_level = 'Not set' (Constants/Not set)
2023-07-05T07:11:31.221993+00:00 DEBUG 'ansible_navigator.main' After rollback: mode = 'Not set' (Constants/Not set)
2023-07-05T07:11:31.222014+00:00 DEBUG 'ansible_navigator.main' After rollback: osc4 = 'Not set' (Constants/Not set)
2023-07-05T07:11:31.222034+00:00 DEBUG 'ansible_navigator.main' After rollback: pass_environment_variable = 'Not set' (Constants/Not set)
2023-07-05T07:11:31.222054+00:00 DEBUG 'ansible_navigator.main' After rollback: playbook = 'Not set' (Constants/Not set)
2023-07-05T07:11:31.222074+00:00 DEBUG 'ansible_navigator.main' After rollback: playbook_artifact_enable = 'Not set' (Constants/Not set)
2023-07-05T07:11:31.222094+00:00 DEBUG 'ansible_navigator.main' After rollback: playbook_artifact_replay = 'Not set' (Constants/Not set)
2023-07-05T07:11:31.222124+00:00 DEBUG 'ansible_navigator.main' After rollback: playbook_artifact_save_as = 'Not set' (Constants/Not set)
2023-07-05T07:11:31.222147+00:00 DEBUG 'ansible_navigator.main' After rollback: plugin_name = 'Not set' (Constants/Not set)
2023-07-05T07:11:31.222168+00:00 DEBUG 'ansible_navigator.main' After rollback: plugin_type = 'Not set' (Constants/Not set)
2023-07-05T07:11:31.222213+00:00 DEBUG 'ansible_navigator.main' After rollback: pull_arguments = 'Not set' (Constants/Not set)
2023-07-05T07:11:31.222242+00:00 DEBUG 'ansible_navigator.main' After rollback: pull_policy = 'Not set' (Constants/Not set)
2023-07-05T07:11:31.222285+00:00 DEBUG 'ansible_navigator.main' After rollback: set_environment_variable = 'Not set' (Constants/Not set)
2023-07-05T07:11:31.222311+00:00 DEBUG 'ansible_navigator.main' After rollback: settings_effective = 'Not set' (Constants/Not set)
2023-07-05T07:11:31.222333+00:00 DEBUG 'ansible_navigator.main' After rollback: settings_sample = 'Not set' (Constants/Not set)
2023-07-05T07:11:31.222354+00:00 DEBUG 'ansible_navigator.main' After rollback: settings_schema = 'Not set' (Constants/Not set)
2023-07-05T07:11:31.222376+00:00 DEBUG 'ansible_navigator.main' After rollback: settings_sources = 'Not set' (Constants/Not set)
2023-07-05T07:11:31.222396+00:00 DEBUG 'ansible_navigator.main' After rollback: time_zone = 'Not set' (Constants/Not set)
2023-07-05T07:11:31.222417+00:00 DEBUG 'ansible_navigator.main' After rollback: workdir = 'Not set' (Constants/Not set)
2023-07-05T07:11:31.222437+00:00 DEBUG 'ansible_navigator.main' Configuration rollback complete.
2023-07-05T07:11:31.222458+00:00 DEBUG 'ansible_navigator.main' Collection doc cache not mounted
2023-07-05T07:11:31.222486+00:00 WARNING 'ansible_navigator.main' Issues were found while applying the settings.
2023-07-05T07:11:31.222510+00:00 INFO 'ansible_navigator.main' Command provided: '-m stdout collection list'
2023-07-05T07:11:31.222535+00:00 ERROR 'ansible_navigator.main' argument {subcommand} --help: invalid choice: 'collection' (choose from 'builder', 'collections', 'config', 'doc', 'exec', 'images', 'inventory', 'lint', 'replay', 'run', 'settings', 'welcome')
2023-07-05T07:11:31.222559+00:00 INFO 'ansible_navigator.main' Configuration failed, using default log file location. (/root/fedora-collections/collections/ansible-navigator.log) Log level set to debug
2023-07-05T07:11:31.222588+00:00 INFO 'ansible_navigator.main' Review the hints and log file to see what went wrong.
2023-07-05T07:12:07.646852+00:00 WARNING 'ansible_navigator.run' Dirty exit, killing the pid
